  Running UnrealBuildTool: dotnet "..\..\Engine\Binaries\DotNET\UnrealBuildTool\UnrealBuildTool.dll" COMP_475_ProjectEditor Win64 DebugGame -Project="C:\Users\nimbus\Documents\Unreal Projects\COMP-475\Team\COMP_475_Project\COMP_475_Project\COMP_475_Project.uproject" -WaitMutex -FromMsBuild
  Log file: C:\Users\nimbus\AppData\Local\UnrealBuildTool\Log.txt
  Using 'git status' to determine working set for adaptive non-unity build (C:\Users\nimbus\Documents\Unreal Projects\COMP-475\Team\COMP_475_Project).
  Waiting for 'git status' command to complete
  Invalidating makefile for COMP_475_ProjectEditor (working set of source files changed)
  Parsing headers for COMP_475_ProjectEditor
    Running Internal UnrealHeaderTool "C:\Users\nimbus\Documents\Unreal Projects\COMP-475\Team\COMP_475_Project\COMP_475_Project\COMP_475_Project.uproject" "C:\Users\nimbus\Documents\Unreal Projects\COMP-475\Team\COMP_475_Project\COMP_475_Project\Intermediate\Build\Win64\COMP_475_ProjectEditor\DebugGame\COMP_475_ProjectEditor.uhtmanifest" -WarningsAsErrors -installed
  Total of 0 written
  Reflection code generated for COMP_475_ProjectEditor in 1.2034776 seconds
  Building COMP_475_ProjectEditor...
  Using Visual Studio 2022 14.31.31105 toolchain (C:\Program Files\Microsoft Visual Studio\2022\Community\VC\Tools\MSVC\14.31.31103) and Windows 10.0.19041.0 SDK (N:\Windows Kits\10).
  [Upgrade]
  [Upgrade] Using backward-compatible include order. The latest version of UE has changed the order of includes, which may require code changes. The current setting is:
  [Upgrade]     IncludeOrderVersion = EngineIncludeOrderVersion.Unreal5_0
  [Upgrade] Suppress this message by setting 'IncludeOrderVersion = EngineIncludeOrderVersion.Unreal5_1;' in COMP_475_ProjectEditor.Target.cs.
  [Upgrade] Alternatively you can set this to 'EngineIncludeOrderVersion.Latest' to always use the latest include order. This will potentially cause compile errors when integrating new versions of the engine.
  [Upgrade]
  [Adaptive Build] Excluded from COMP_475_Project unity file: ColorChanger.cpp, MyNeuralNetwork.cpp, MyOptimizer.cpp
  Determining max actions to execute in parallel (8 physical cores, 16 logical cores)
    Executing up to 8 processes, one per physical core
    Requested 1.5 GB free memory per action, 5.42 GB available: limiting max parallel actions to 3
  Building 5 actions with 3 processes...
  [1/5] Compile ColorChanger.cpp
  [2/5] Compile ColorChanger.gen.cpp
  [3/5] Link UnrealEditor-COMP_475_Project-Win64-DebugGame.lib
     Creating library C:\Users\nimbus\Documents\Unreal Projects\COMP-475\Team\COMP_475_Project\COMP_475_Project\Intermediate\Build\Win64\UnrealEditor\DebugGame\COMP_475_Project\UnrealEditor-COMP_475_Project-Win64-DebugGame.lib and object C:\Users\nimbus\Documents\Unreal Projects\COMP-475\Team\COMP_475_Project\COMP_475_Project\Intermediate\Build\Win64\UnrealEditor\DebugGame\COMP_475_Project\UnrealEditor-COMP_475_Project-Win64-DebugGame.exp
  [4/5] Link UnrealEditor-COMP_475_Project-Win64-DebugGame.dll
     Creating library C:\Users\nimbus\Documents\Unreal Projects\COMP-475\Team\COMP_475_Project\COMP_475_Project\Intermediate\Build\Win64\UnrealEditor\DebugGame\COMP_475_Project\UnrealEditor-COMP_475_Project-Win64-DebugGame.suppressed.lib and object C:\Users\nimbus\Documents\Unreal Projects\COMP-475\Team\COMP_475_Project\COMP_475_Project\Intermediate\Build\Win64\UnrealEditor\DebugGame\COMP_475_Project\UnrealEditor-COMP_475_Project-Win64-DebugGame.suppressed.exp
  [5/5] WriteMetadata COMP_475_ProjectEditor-Win64-DebugGame.target
  Total time in Parallel executor: 5.81 seconds
  Total execution time: 9.90 seconds
